\BOOKMARK [0][-]{Doc-Start}{\376\377\000I\000n\000d\000e\000x}{}% 1
\BOOKMARK [0][-]{chapter.1}{\376\377\000I\000n\000t\000r\000o\000d\000u\000c\000t\000i\000o\000n}{}% 2
\BOOKMARK [0][-]{chapter.2}{\376\377\000E\000n\000v\000i\000r\000o\000n\000m\000e\000n\000t\000\040\000s\000e\000t\000u\000p}{}% 3
\BOOKMARK [1][-]{section.2.1}{\376\377\000P\000y\000s\000p\000a\000r\000k\000\040\000s\000e\000t\000u\000p}{chapter.2}% 4
\BOOKMARK [1][-]{section.2.2}{\376\377\000K\000a\000g\000g\000l\000e\000\040\000s\000e\000t\000u\000p}{chapter.2}% 5
\BOOKMARK [1][-]{section.2.3}{\376\377\000P\000a\000n\000d\000a\000s\000\040\000s\000e\000t\000u\000p}{chapter.2}% 6
\BOOKMARK [1][-]{section.2.4}{\376\377\000S\000c\000i\000k\000i\000t\000-\000l\000e\000a\000r\000n\000\040\000s\000e\000t\000u\000p}{chapter.2}% 7
\BOOKMARK [1][-]{section.2.5}{\376\377\000N\000u\000m\000p\000y\000\040\000s\000e\000t\000u\000p}{chapter.2}% 8
\BOOKMARK [0][-]{chapter.3}{\376\377\000D\000a\000t\000a\000s\000e\000t\000:\000\040\000A\000\040\000l\000o\000o\000k\000\040\000i\000n\000s\000i\000d\000e}{}% 9
\BOOKMARK [1][-]{section.3.1}{\376\377\000D\000a\000t\000a\000\040\000l\000o\000a\000d\000i\000n\000g}{chapter.3}% 10
\BOOKMARK [1][-]{section.3.2}{\376\377\000V\000i\000s\000u\000a\000l\000i\000z\000i\000n\000g\000\040\000t\000h\000e\000\040\000d\000a\000t\000a}{chapter.3}% 11
\BOOKMARK [1][-]{section.3.3}{\376\377\000D\000a\000t\000a\000\040\000F\000i\000l\000t\000e\000r\000i\000n\000g}{chapter.3}% 12
\BOOKMARK [1][-]{section.3.4}{\376\377\000D\000a\000t\000a\000\040\000p\000r\000e\000p\000r\000o\000c\000e\000s\000s\000i\000n\000g}{chapter.3}% 13
\BOOKMARK [0][-]{chapter.4}{\376\377\000R\000e\000c\000o\000m\000m\000e\000n\000d\000e\000r\000\040\000s\000y\000s\000t\000e\000m}{}% 14
\BOOKMARK [1][-]{section.4.1}{\376\377\000C\000o\000n\000t\000e\000n\000t\000-\000B\000a\000s\000e\000d\000\040\000R\000e\000c\000o\000m\000m\000e\000n\000d\000a\000t\000i\000o\000n\000s}{chapter.4}% 15
\BOOKMARK [1][-]{section.4.2}{\376\377\000C\000o\000l\000l\000a\000b\000o\000r\000a\000t\000i\000v\000e\000\040\000F\000i\000l\000t\000e\000r\000i\000n\000g}{chapter.4}% 16
\BOOKMARK [0][-]{chapter.5}{\376\377\000C\000r\000e\000a\000t\000i\000o\000n\000\040\000o\000f\000\040\000a\000\040\000C\000o\000n\000t\000e\000n\000t\000-\000b\000a\000s\000e\000d\000\040\000R\000e\000c\000o\000m\000m\000e\000n\000d\000e\000r\000\040\000s\000y\000s\000t\000e\000m}{}% 17
\BOOKMARK [1][-]{section.5.1}{\376\377\000B\000u\000s\000i\000n\000e\000s\000s\000\040\000s\000i\000m\000i\000l\000a\000r\000i\000t\000y\000\040\000s\000u\000g\000g\000e\000s\000t\000i\000o\000n\000\040\000w\000i\000t\000h\000\040\000P\000a\000n\000d\000a\000s\000\040\000a\000n\000d\000\040\000c\000o\000s\000i\000n\000e\000\040\000s\000i\000m\000i\000l\000a\000r\000i\000t\000y}{chapter.5}% 18
\BOOKMARK [2][-]{subsection.5.1.1}{\376\377\000E\000x\000p\000e\000r\000i\000m\000e\000n\000t}{section.5.1}% 19
\BOOKMARK [1][-]{section.5.2}{\376\377\000B\000u\000s\000i\000n\000e\000s\000s\000\040\000s\000i\000m\000i\000l\000a\000r\000i\000t\000y\000\040\000s\000u\000g\000g\000e\000s\000t\000i\000o\000n\000\040\000w\000i\000t\000h\000\040\000k\000-\000N\000N\000\040\000a\000l\000g\000o\000r\000i\000t\000h\000m}{chapter.5}% 20
\BOOKMARK [1][-]{section.5.3}{\376\377\000B\000u\000s\000i\000n\000e\000s\000s\000\040\000s\000i\000m\000i\000l\000a\000r\000i\000t\000y\000\040\000s\000u\000g\000g\000e\000s\000t\000i\000o\000n\000\040\000w\000i\000t\000h\000\040\000P\000y\000S\000p\000a\000r\000k\000\040\000a\000n\000d\000\040\000c\000o\000s\000i\000n\000e\000\040\000s\000i\000m\000i\000l\000a\000r\000i\000t\000y}{chapter.5}% 21
\BOOKMARK [1][-]{section.5.4}{\376\377\000C\000o\000l\000l\000a\000b\000o\000r\000a\000t\000i\000v\000e\000\040\000f\000i\000l\000t\000e\000r\000i\000n\000g\000\040\000w\000i\000t\000h\000\040\000A\000L\000S\000\040\000m\000l\000\040\000l\000i\000b\000r\000a\000r\000y}{chapter.5}% 22
\BOOKMARK [1][-]{section.5.5}{\376\377\000C\000o\000n\000t\000e\000n\000t\000\040\000b\000a\000s\000e\000d\000\040\000r\000e\000c\000o\000m\000m\000e\000n\000d\000a\000t\000i\000o\000n\000\040\000f\000r\000o\000m\000\040\000s\000c\000r\000a\000t\000c\000h\000\040\000i\000n\000\040\000P\000y\000S\000p\000a\000r\000k}{chapter.5}% 23
\BOOKMARK [0][-]{chapter.6}{\376\377\000S\000c\000a\000l\000a\000b\000i\000l\000i\000t\000y\000\040\000a\000n\000d\000\040\000c\000o\000m\000p\000l\000e\000x\000i\000t\000y}{}% 24
\BOOKMARK [1][-]{section.6.1}{\376\377\000S\000y\000s\000t\000e\000m\000\040\000s\000p\000e\000c\000i\000f\000i\000c\000a\000t\000i\000o\000n}{chapter.6}% 25
\BOOKMARK [0][-]{chapter.7}{\376\377\000R\000e\000s\000u\000l\000t\000s\000\040\000a\000n\000d\000\040\000e\000x\000p\000e\000r\000i\000m\000e\000n\000t\000s}{}% 26
\BOOKMARK [1][-]{section.7.1}{\376\377\000N\000D\000C\000G}{chapter.7}% 27
\BOOKMARK [0][-]{chapter.8}{\376\377\000C\000o\000n\000c\000l\000u\000s\000i\000o\000n}{}% 28
